<?xml version="1.0" encoding="UTF-8"?>
<testsuite xmlns:xsi="http://www.w3.org/2001/XMLSchema-instance" xsi:noNamespaceSchemaLocation="https://maven.apache.org/surefire/maven-surefire-plugin/xsd/surefire-test-report.xsd" name="com.nexturn.app.AppTest" time="0.078" tests="5" errors="0" skipped="0" failures="0">
  <properties>
[...]
</properties>
  <testcase name="testDivideByZero" classname="com.nexturn.app.AppTest" time="0.051"/>
  <testcase name="testAdd" classname="com.nexturn.app.AppTest" time="0.003"/>
  <testcase name="testSubtract" classname="com.nexturn.app.AppTest" time="0.002"/>
  <testcase name="testDivide" classname="com.nexturn.app.AppTest" time="0.001"/>
  <testcase name="testMultiply" classname="com.nexturn.app.AppTest" time="0.002"/>
</testsuite>